<?xml version="1.0" encoding="UTF-8"?>
<testsuite xmlns:xsi="http://www.w3.org/2001/XMLSchema-instance" xsi:noNamespaceSchemaLocation="https://maven.apache.org/surefire/maven-surefire-plugin/xsd/surefire-test-report.xsd" name="ues.occ.edu.sv.ingenieria.prn335.guia02.controller.TipoPagoBeanTest" time="1.76" tests="4" errors="0" skipped="0" failures="0">
  <properties>
[...]
</properties>
  <testcase name="crearTest" classname="ues.occ.edu.sv.ingenieria.prn335.guia02.controller.TipoPagoBeanTest" time="1.626"/>
  <testcase name="EliminarTest" classname="ues.occ.edu.sv.ingenieria.prn335.guia02.controller.TipoPagoBeanTest" time="0"/>
  <testcase name="ModificarTest" classname="ues.occ.edu.sv.ingenieria.prn335.guia02.controller.TipoPagoBeanTest" time="0.001"/>
  <testcase name="formatoTarjetaCreditoTest" classname="ues.occ.edu.sv.ingenieria.prn335.guia02.controller.TipoPagoBeanTest" time="0.001"/>
</testsuite>